Registration error: PrismaClientInitializationError: 
Invalid `prisma.company.findUnique()` invocation in
C:\Users\USER\roofing\backend\controllers\auth.controller.js:9:50

  6 async function register(req, res) {
  7   try {
  8     const { company, user } = req.body;
→ 9     const existingCompany = await prisma.company.findUnique(
error: Error validating datasource `db`: the URL must start with the protocol `postgresql://` or `postgres://`.
  -->  schema.prisma:7
   | 
 6 |   provider = "postgresql"
 7 |   url      = env("DATABASE_URL")
   | 

Validation Error Count: 1
    at $n.handleRequestError (C:\Users\USER\roofing\backend\node_modules\@prisma\client\runtime\library.js:121:7615)
    at $n.handleAndLogRequestError (C:\Users\USER\roofing\backend\node_modules\@prisma\client\runtime\library.js:121:6623)
    at $n.request (C:\Users\USER\roofing\backend\node_modules\@prisma\client\runtime\library.js:121:6307)
    at async l (C:\Users\USER\roofing\backend\node_modules\@prisma\client\runtime\library.js:130:9633)
    at async register (C:\Users\USER\roofing\backend\controllers\auth.controller.js:9:29)
Registration error: PrismaClientInitializationError: 
Invalid `prisma.company.findUnique()` invocation in
C:\Users\USER\roofing\backend\controllers\auth.controller.js:9:50

  6 async function register(req, res) {
  7   try {
  8     const { company, user } = req.body;
→ 9     const existingCompany = await prisma.company.findUnique(
error: Error validating datasource `db`: the URL must start with the protocol `postgresql://` or `postgres://`.
  -->  schema.prisma:7
   | 
 6 |   provider = "postgresql"
 7 |   url      = env("DATABASE_URL")
   | 

Validation Error Count: 1
    at $n.handleRequestError (C:\Users\USER\roofing\backend\node_modules\@prisma\client\runtime\library.js:121:7615)
    at $n.handleAndLogRequestError (C:\Users\USER\roofing\backend\node_modules\@prisma\client\runtime\library.js:121:6623)
    at $n.request (C:\Users\USER\roofing\backend\node_modules\@prisma\client\runtime\library.js:121:6307)
    at async l (C:\Users\USER\roofing\backend\node_modules\@prisma\client\runtime\library.js:130:9633)
    at async register (C:\Users\USER\roofing\backend\controllers\auth.controller.js:9:29)
Registration error: Error: "expiresIn" should be a number of seconds or string representing a timespan
    at C:\Users\USER\roofing\backend\node_modules\jsonwebtoken\sign.js:56:15
    at Array.forEach (<anonymous>)
    at validate (C:\Users\USER\roofing\backend\node_modules\jsonwebtoken\sign.js:47:6)
    at validateOptions (C:\Users\USER\roofing\backend\node_modules\jsonwebtoken\sign.js:62:10)
    at module.exports [as sign] (C:\Users\USER\roofing\backend\node_modules\jsonwebtoken\sign.js:171:5)
    at register (C:\Users\USER\roofing\backend\controllers\auth.controller.js:20:23)
Registration error: TypeError: Cannot read properties of undefined (reading 'subdomain')
    at register (C:\Users\USER\roofing\backend\controllers\auth.controller.js:9:91)
    at Layer.handleRequest (C:\Users\USER\roofing\backend\node_modules\router\lib\layer.js:152:17)
    at next (C:\Users\USER\roofing\backend\node_modules\router\lib\route.js:157:13)
    at Route.dispatch (C:\Users\USER\roofing\backend\node_modules\router\lib\route.js:117:3)
    at handle (C:\Users\USER\roofing\backend\node_modules\router\index.js:435:11)
    at Layer.handleRequest (C:\Users\USER\roofing\backend\node_modules\router\lib\layer.js:152:17)
    at C:\Users\USER\roofing\backend\node_modules\router\index.js:295:15
    at processParams (C:\Users\USER\roofing\backend\node_modules\router\index.js:582:12)
    at next (C:\Users\USER\roofing\backend\node_modules\router\index.js:291:5)
    at router.handle (C:\Users\USER\roofing\backend\node_modules\router\index.js:186:3)
    at router (C:\Users\USER\roofing\backend\node_modules\router\index.js:60:12)
    at Layer.handleRequest (C:\Users\USER\roofing\backend\node_modules\router\lib\layer.js:152:17)
    at trimPrefix (C:\Users\USER\roofing\backend\node_modules\router\index.js:342:13)
    at C:\Users\USER\roofing\backend\node_modules\router\index.js:297:9
    at processParams (C:\Users\USER\roofing\backend\node_modules\router\index.js:582:12)
    at next (C:\Users\USER\roofing\backend\node_modules\router\index.js:291:5)
    at C:\Users\USER\roofing\backend\node_modules\express-rate-limit\dist\index.cjs:942:7
    at process.processTicksAndRejections (node:internal/process/task_queues:103:5)
    at async C:\Users\USER\roofing\backend\node_modules\express-rate-limit\dist\index.cjs:825:5
Registration error: TypeError: Cannot read properties of undefined (reading 'subdomain')
    at register (C:\Users\USER\roofing\backend\controllers\auth.controller.js:9:91)
    at Layer.handleRequest (C:\Users\USER\roofing\backend\node_modules\router\lib\layer.js:152:17)
    at next (C:\Users\USER\roofing\backend\node_modules\router\lib\route.js:157:13)
    at Route.dispatch (C:\Users\USER\roofing\backend\node_modules\router\lib\route.js:117:3)
    at handle (C:\Users\USER\roofing\backend\node_modules\router\index.js:435:11)
    at Layer.handleRequest (C:\Users\USER\roofing\backend\node_modules\router\lib\layer.js:152:17)
    at C:\Users\USER\roofing\backend\node_modules\router\index.js:295:15
    at processParams (C:\Users\USER\roofing\backend\node_modules\router\index.js:582:12)
    at next (C:\Users\USER\roofing\backend\node_modules\router\index.js:291:5)
    at router.handle (C:\Users\USER\roofing\backend\node_modules\router\index.js:186:3)
    at router (C:\Users\USER\roofing\backend\node_modules\router\index.js:60:12)
    at Layer.handleRequest (C:\Users\USER\roofing\backend\node_modules\router\lib\layer.js:152:17)
    at trimPrefix (C:\Users\USER\roofing\backend\node_modules\router\index.js:342:13)
    at C:\Users\USER\roofing\backend\node_modules\router\index.js:297:9
    at processParams (C:\Users\USER\roofing\backend\node_modules\router\index.js:582:12)
    at next (C:\Users\USER\roofing\backend\node_modules\router\index.js:291:5)
    at C:\Users\USER\roofing\backend\node_modules\express-rate-limit\dist\index.cjs:942:7
    at process.processTicksAndRejections (node:internal/process/task_queues:103:5)
    at async C:\Users\USER\roofing\backend\node_modules\express-rate-limit\dist\index.cjs:825:5
Registration error: TypeError: Cannot read properties of undefined (reading 'subdomain')
    at register (C:\Users\USER\roofing\backend\controllers\auth.controller.js:9:91)
    at Layer.handleRequest (C:\Users\USER\roofing\backend\node_modules\router\lib\layer.js:152:17)
    at next (C:\Users\USER\roofing\backend\node_modules\router\lib\route.js:157:13)
    at Route.dispatch (C:\Users\USER\roofing\backend\node_modules\router\lib\route.js:117:3)
    at handle (C:\Users\USER\roofing\backend\node_modules\router\index.js:435:11)
    at Layer.handleRequest (C:\Users\USER\roofing\backend\node_modules\router\lib\layer.js:152:17)
    at C:\Users\USER\roofing\backend\node_modules\router\index.js:295:15
    at processParams (C:\Users\USER\roofing\backend\node_modules\router\index.js:582:12)
    at next (C:\Users\USER\roofing\backend\node_modules\router\index.js:291:5)
    at router.handle (C:\Users\USER\roofing\backend\node_modules\router\index.js:186:3)
    at router (C:\Users\USER\roofing\backend\node_modules\router\index.js:60:12)
    at Layer.handleRequest (C:\Users\USER\roofing\backend\node_modules\router\lib\layer.js:152:17)
    at trimPrefix (C:\Users\USER\roofing\backend\node_modules\router\index.js:342:13)
    at C:\Users\USER\roofing\backend\node_modules\router\index.js:297:9
    at processParams (C:\Users\USER\roofing\backend\node_modules\router\index.js:582:12)
    at next (C:\Users\USER\roofing\backend\node_modules\router\index.js:291:5)
    at C:\Users\USER\roofing\backend\node_modules\express-rate-limit\dist\index.cjs:942:7
    at process.processTicksAndRejections (node:internal/process/task_queues:103:5)
    at async C:\Users\USER\roofing\backend\node_modules\express-rate-limit\dist\index.cjs:825:5
Registration error: TypeError: Cannot read properties of undefined (reading 'subdomain')
    at register (C:\Users\USER\roofing\backend\controllers\auth.controller.js:9:91)
    at Layer.handleRequest (C:\Users\USER\roofing\backend\node_modules\router\lib\layer.js:152:17)
    at next (C:\Users\USER\roofing\backend\node_modules\router\lib\route.js:157:13)
    at Route.dispatch (C:\Users\USER\roofing\backend\node_modules\router\lib\route.js:117:3)
    at handle (C:\Users\USER\roofing\backend\node_modules\router\index.js:435:11)
    at Layer.handleRequest (C:\Users\USER\roofing\backend\node_modules\router\lib\layer.js:152:17)
    at C:\Users\USER\roofing\backend\node_modules\router\index.js:295:15
    at processParams (C:\Users\USER\roofing\backend\node_modules\router\index.js:582:12)
    at next (C:\Users\USER\roofing\backend\node_modules\router\index.js:291:5)
    at router.handle (C:\Users\USER\roofing\backend\node_modules\router\index.js:186:3)
    at router (C:\Users\USER\roofing\backend\node_modules\router\index.js:60:12)
    at Layer.handleRequest (C:\Users\USER\roofing\backend\node_modules\router\lib\layer.js:152:17)
    at trimPrefix (C:\Users\USER\roofing\backend\node_modules\router\index.js:342:13)
    at C:\Users\USER\roofing\backend\node_modules\router\index.js:297:9
    at processParams (C:\Users\USER\roofing\backend\node_modules\router\index.js:582:12)
    at next (C:\Users\USER\roofing\backend\node_modules\router\index.js:291:5)
    at C:\Users\USER\roofing\backend\node_modules\express-rate-limit\dist\index.cjs:942:7
    at process.processTicksAndRejections (node:internal/process/task_queues:103:5)
    at async C:\Users\USER\roofing\backend\node_modules\express-rate-limit\dist\index.cjs:825:5
Registration error: TypeError: Cannot read properties of undefined (reading 'subdomain')
    at register (C:\Users\USER\roofing\backend\controllers\auth.controller.js:9:91)
    at Layer.handleRequest (C:\Users\USER\roofing\backend\node_modules\router\lib\layer.js:152:17)
    at next (C:\Users\USER\roofing\backend\node_modules\router\lib\route.js:157:13)
    at Route.dispatch (C:\Users\USER\roofing\backend\node_modules\router\lib\route.js:117:3)
    at handle (C:\Users\USER\roofing\backend\node_modules\router\index.js:435:11)
    at Layer.handleRequest (C:\Users\USER\roofing\backend\node_modules\router\lib\layer.js:152:17)
    at C:\Users\USER\roofing\backend\node_modules\router\index.js:295:15
    at processParams (C:\Users\USER\roofing\backend\node_modules\router\index.js:582:12)
    at next (C:\Users\USER\roofing\backend\node_modules\router\index.js:291:5)
    at router.handle (C:\Users\USER\roofing\backend\node_modules\router\index.js:186:3)
    at router (C:\Users\USER\roofing\backend\node_modules\router\index.js:60:12)
    at Layer.handleRequest (C:\Users\USER\roofing\backend\node_modules\router\lib\layer.js:152:17)
    at trimPrefix (C:\Users\USER\roofing\backend\node_modules\router\index.js:342:13)
    at C:\Users\USER\roofing\backend\node_modules\router\index.js:297:9
    at processParams (C:\Users\USER\roofing\backend\node_modules\router\index.js:582:12)
    at next (C:\Users\USER\roofing\backend\node_modules\router\index.js:291:5)
    at C:\Users\USER\roofing\backend\node_modules\express-rate-limit\dist\index.cjs:942:7
    at process.processTicksAndRejections (node:internal/process/task_queues:103:5)
    at async C:\Users\USER\roofing\backend\node_modules\express-rate-limit\dist\index.cjs:825:5
Registration error: TypeError: Cannot read properties of undefined (reading 'subdomain')
    at register (C:\Users\USER\roofing\backend\controllers\auth.controller.js:9:91)
    at Layer.handleRequest (C:\Users\USER\roofing\backend\node_modules\router\lib\layer.js:152:17)
    at next (C:\Users\USER\roofing\backend\node_modules\router\lib\route.js:157:13)
    at Route.dispatch (C:\Users\USER\roofing\backend\node_modules\router\lib\route.js:117:3)
    at handle (C:\Users\USER\roofing\backend\node_modules\router\index.js:435:11)
    at Layer.handleRequest (C:\Users\USER\roofing\backend\node_modules\router\lib\layer.js:152:17)
    at C:\Users\USER\roofing\backend\node_modules\router\index.js:295:15
    at processParams (C:\Users\USER\roofing\backend\node_modules\router\index.js:582:12)
    at next (C:\Users\USER\roofing\backend\node_modules\router\index.js:291:5)
    at router.handle (C:\Users\USER\roofing\backend\node_modules\router\index.js:186:3)
    at router (C:\Users\USER\roofing\backend\node_modules\router\index.js:60:12)
    at Layer.handleRequest (C:\Users\USER\roofing\backend\node_modules\router\lib\layer.js:152:17)
    at trimPrefix (C:\Users\USER\roofing\backend\node_modules\router\index.js:342:13)
    at C:\Users\USER\roofing\backend\node_modules\router\index.js:297:9
    at processParams (C:\Users\USER\roofing\backend\node_modules\router\index.js:582:12)
    at next (C:\Users\USER\roofing\backend\node_modules\router\index.js:291:5)
    at C:\Users\USER\roofing\backend\node_modules\express-rate-limit\dist\index.cjs:942:7
    at process.processTicksAndRejections (node:internal/process/task_queues:103:5)
    at async C:\Users\USER\roofing\backend\node_modules\express-rate-limit\dist\index.cjs:825:5
Registration error: TypeError: Cannot read properties of undefined (reading 'subdomain')
    at register (C:\Users\USER\roofing\backend\controllers\auth.controller.js:9:91)
    at Layer.handleRequest (C:\Users\USER\roofing\backend\node_modules\router\lib\layer.js:152:17)
    at next (C:\Users\USER\roofing\backend\node_modules\router\lib\route.js:157:13)
    at Route.dispatch (C:\Users\USER\roofing\backend\node_modules\router\lib\route.js:117:3)
    at handle (C:\Users\USER\roofing\backend\node_modules\router\index.js:435:11)
    at Layer.handleRequest (C:\Users\USER\roofing\backend\node_modules\router\lib\layer.js:152:17)
    at C:\Users\USER\roofing\backend\node_modules\router\index.js:295:15
    at processParams (C:\Users\USER\roofing\backend\node_modules\router\index.js:582:12)
    at next (C:\Users\USER\roofing\backend\node_modules\router\index.js:291:5)
    at router.handle (C:\Users\USER\roofing\backend\node_modules\router\index.js:186:3)
    at router (C:\Users\USER\roofing\backend\node_modules\router\index.js:60:12)
    at Layer.handleRequest (C:\Users\USER\roofing\backend\node_modules\router\lib\layer.js:152:17)
    at trimPrefix (C:\Users\USER\roofing\backend\node_modules\router\index.js:342:13)
    at C:\Users\USER\roofing\backend\node_modules\router\index.js:297:9
    at processParams (C:\Users\USER\roofing\backend\node_modules\router\index.js:582:12)
    at next (C:\Users\USER\roofing\backend\node_modules\router\index.js:291:5)
    at C:\Users\USER\roofing\backend\node_modules\express-rate-limit\dist\index.cjs:942:7
    at process.processTicksAndRejections (node:internal/process/task_queues:103:5)
    at async C:\Users\USER\roofing\backend\node_modules\express-rate-limit\dist\index.cjs:825:5
Registration error: TypeError: Cannot read properties of undefined (reading 'subdomain')
    at register (C:\Users\USER\roofing\backend\controllers\auth.controller.js:9:91)
    at Layer.handleRequest (C:\Users\USER\roofing\backend\node_modules\router\lib\layer.js:152:17)
    at next (C:\Users\USER\roofing\backend\node_modules\router\lib\route.js:157:13)
    at Route.dispatch (C:\Users\USER\roofing\backend\node_modules\router\lib\route.js:117:3)
    at handle (C:\Users\USER\roofing\backend\node_modules\router\index.js:435:11)
    at Layer.handleRequest (C:\Users\USER\roofing\backend\node_modules\router\lib\layer.js:152:17)
    at C:\Users\USER\roofing\backend\node_modules\router\index.js:295:15
    at processParams (C:\Users\USER\roofing\backend\node_modules\router\index.js:582:12)
    at next (C:\Users\USER\roofing\backend\node_modules\router\index.js:291:5)
    at router.handle (C:\Users\USER\roofing\backend\node_modules\router\index.js:186:3)
    at router (C:\Users\USER\roofing\backend\node_modules\router\index.js:60:12)
    at Layer.handleRequest (C:\Users\USER\roofing\backend\node_modules\router\lib\layer.js:152:17)
    at trimPrefix (C:\Users\USER\roofing\backend\node_modules\router\index.js:342:13)
    at C:\Users\USER\roofing\backend\node_modules\router\index.js:297:9
    at processParams (C:\Users\USER\roofing\backend\node_modules\router\index.js:582:12)
    at next (C:\Users\USER\roofing\backend\node_modules\router\index.js:291:5)
    at C:\Users\USER\roofing\backend\node_modules\express-rate-limit\dist\index.cjs:942:7
    at process.processTicksAndRejections (node:internal/process/task_queues:103:5)
    at async C:\Users\USER\roofing\backend\node_modules\express-rate-limit\dist\index.cjs:825:5
Registration error: TypeError: Cannot read properties of undefined (reading 'subdomain')
    at register (C:\Users\USER\roofing\backend\controllers\auth.controller.js:9:91)
    at Layer.handleRequest (C:\Users\USER\roofing\backend\node_modules\router\lib\layer.js:152:17)
    at next (C:\Users\USER\roofing\backend\node_modules\router\lib\route.js:157:13)
    at Route.dispatch (C:\Users\USER\roofing\backend\node_modules\router\lib\route.js:117:3)
    at handle (C:\Users\USER\roofing\backend\node_modules\router\index.js:435:11)
    at Layer.handleRequest (C:\Users\USER\roofing\backend\node_modules\router\lib\layer.js:152:17)
    at C:\Users\USER\roofing\backend\node_modules\router\index.js:295:15
    at processParams (C:\Users\USER\roofing\backend\node_modules\router\index.js:582:12)
    at next (C:\Users\USER\roofing\backend\node_modules\router\index.js:291:5)
    at router.handle (C:\Users\USER\roofing\backend\node_modules\router\index.js:186:3)
    at router (C:\Users\USER\roofing\backend\node_modules\router\index.js:60:12)
    at Layer.handleRequest (C:\Users\USER\roofing\backend\node_modules\router\lib\layer.js:152:17)
    at trimPrefix (C:\Users\USER\roofing\backend\node_modules\router\index.js:342:13)
    at C:\Users\USER\roofing\backend\node_modules\router\index.js:297:9
    at processParams (C:\Users\USER\roofing\backend\node_modules\router\index.js:582:12)
    at next (C:\Users\USER\roofing\backend\node_modules\router\index.js:291:5)
    at C:\Users\USER\roofing\backend\node_modules\express-rate-limit\dist\index.cjs:942:7
    at process.processTicksAndRejections (node:internal/process/task_queues:103:5)
    at async C:\Users\USER\roofing\backend\node_modules\express-rate-limit\dist\index.cjs:825:5
Registration error: TypeError: Cannot read properties of undefined (reading 'subdomain')
    at register (C:\Users\USER\roofing\backend\controllers\auth.controller.js:9:91)
    at Layer.handleRequest (C:\Users\USER\roofing\backend\node_modules\router\lib\layer.js:152:17)
    at next (C:\Users\USER\roofing\backend\node_modules\router\lib\route.js:157:13)
    at Route.dispatch (C:\Users\USER\roofing\backend\node_modules\router\lib\route.js:117:3)
    at handle (C:\Users\USER\roofing\backend\node_modules\router\index.js:435:11)
    at Layer.handleRequest (C:\Users\USER\roofing\backend\node_modules\router\lib\layer.js:152:17)
    at C:\Users\USER\roofing\backend\node_modules\router\index.js:295:15
    at processParams (C:\Users\USER\roofing\backend\node_modules\router\index.js:582:12)
    at next (C:\Users\USER\roofing\backend\node_modules\router\index.js:291:5)
    at router.handle (C:\Users\USER\roofing\backend\node_modules\router\index.js:186:3)
    at router (C:\Users\USER\roofing\backend\node_modules\router\index.js:60:12)
    at Layer.handleRequest (C:\Users\USER\roofing\backend\node_modules\router\lib\layer.js:152:17)
    at trimPrefix (C:\Users\USER\roofing\backend\node_modules\router\index.js:342:13)
    at C:\Users\USER\roofing\backend\node_modules\router\index.js:297:9
    at processParams (C:\Users\USER\roofing\backend\node_modules\router\index.js:582:12)
    at next (C:\Users\USER\roofing\backend\node_modules\router\index.js:291:5)
    at C:\Users\USER\roofing\backend\node_modules\express-rate-limit\dist\index.cjs:942:7
    at process.processTicksAndRejections (node:internal/process/task_queues:103:5)
    at async C:\Users\USER\roofing\backend\node_modules\express-rate-limit\dist\index.cjs:825:5
Registration error: TypeError: Cannot read properties of undefined (reading 'subdomain')
    at register (C:\Users\USER\roofing\backend\controllers\auth.controller.js:9:91)
    at Layer.handleRequest (C:\Users\USER\roofing\backend\node_modules\router\lib\layer.js:152:17)
    at next (C:\Users\USER\roofing\backend\node_modules\router\lib\route.js:157:13)
    at Route.dispatch (C:\Users\USER\roofing\backend\node_modules\router\lib\route.js:117:3)
    at handle (C:\Users\USER\roofing\backend\node_modules\router\index.js:435:11)
    at Layer.handleRequest (C:\Users\USER\roofing\backend\node_modules\router\lib\layer.js:152:17)
    at C:\Users\USER\roofing\backend\node_modules\router\index.js:295:15
    at processParams (C:\Users\USER\roofing\backend\node_modules\router\index.js:582:12)
    at next (C:\Users\USER\roofing\backend\node_modules\router\index.js:291:5)
    at router.handle (C:\Users\USER\roofing\backend\node_modules\router\index.js:186:3)
    at router (C:\Users\USER\roofing\backend\node_modules\router\index.js:60:12)
    at Layer.handleRequest (C:\Users\USER\roofing\backend\node_modules\router\lib\layer.js:152:17)
    at trimPrefix (C:\Users\USER\roofing\backend\node_modules\router\index.js:342:13)
    at C:\Users\USER\roofing\backend\node_modules\router\index.js:297:9
    at processParams (C:\Users\USER\roofing\backend\node_modules\router\index.js:582:12)
    at next (C:\Users\USER\roofing\backend\node_modules\router\index.js:291:5)
    at C:\Users\USER\roofing\backend\node_modules\express-rate-limit\dist\index.cjs:942:7
    at process.processTicksAndRejections (node:internal/process/task_queues:103:5)
    at async C:\Users\USER\roofing\backend\node_modules\express-rate-limit\dist\index.cjs:825:5
Registration error: TypeError: Cannot read properties of undefined (reading 'subdomain')
    at register (C:\Users\USER\roofing\backend\controllers\auth.controller.js:9:91)
    at Layer.handleRequest (C:\Users\USER\roofing\backend\node_modules\router\lib\layer.js:152:17)
    at next (C:\Users\USER\roofing\backend\node_modules\router\lib\route.js:157:13)
    at Route.dispatch (C:\Users\USER\roofing\backend\node_modules\router\lib\route.js:117:3)
    at handle (C:\Users\USER\roofing\backend\node_modules\router\index.js:435:11)
    at Layer.handleRequest (C:\Users\USER\roofing\backend\node_modules\router\lib\layer.js:152:17)
    at C:\Users\USER\roofing\backend\node_modules\router\index.js:295:15
    at processParams (C:\Users\USER\roofing\backend\node_modules\router\index.js:582:12)
    at next (C:\Users\USER\roofing\backend\node_modules\router\index.js:291:5)
    at router.handle (C:\Users\USER\roofing\backend\node_modules\router\index.js:186:3)
    at router (C:\Users\USER\roofing\backend\node_modules\router\index.js:60:12)
    at Layer.handleRequest (C:\Users\USER\roofing\backend\node_modules\router\lib\layer.js:152:17)
    at trimPrefix (C:\Users\USER\roofing\backend\node_modules\router\index.js:342:13)
    at C:\Users\USER\roofing\backend\node_modules\router\index.js:297:9
    at processParams (C:\Users\USER\roofing\backend\node_modules\router\index.js:582:12)
    at next (C:\Users\USER\roofing\backend\node_modules\router\index.js:291:5)
    at C:\Users\USER\roofing\backend\node_modules\express-rate-limit\dist\index.cjs:942:7
    at process.processTicksAndRejections (node:internal/process/task_queues:103:5)
    at async C:\Users\USER\roofing\backend\node_modules\express-rate-limit\dist\index.cjs:825:5
Registration error: TypeError: Cannot read properties of undefined (reading 'subdomain')
    at register (C:\Users\USER\roofing\backend\controllers\auth.controller.js:9:91)
    at Layer.handleRequest (C:\Users\USER\roofing\backend\node_modules\router\lib\layer.js:152:17)
    at next (C:\Users\USER\roofing\backend\node_modules\router\lib\route.js:157:13)
    at Route.dispatch (C:\Users\USER\roofing\backend\node_modules\router\lib\route.js:117:3)
    at handle (C:\Users\USER\roofing\backend\node_modules\router\index.js:435:11)
    at Layer.handleRequest (C:\Users\USER\roofing\backend\node_modules\router\lib\layer.js:152:17)
    at C:\Users\USER\roofing\backend\node_modules\router\index.js:295:15
    at processParams (C:\Users\USER\roofing\backend\node_modules\router\index.js:582:12)
    at next (C:\Users\USER\roofing\backend\node_modules\router\index.js:291:5)
    at router.handle (C:\Users\USER\roofing\backend\node_modules\router\index.js:186:3)
    at router (C:\Users\USER\roofing\backend\node_modules\router\index.js:60:12)
    at Layer.handleRequest (C:\Users\USER\roofing\backend\node_modules\router\lib\layer.js:152:17)
    at trimPrefix (C:\Users\USER\roofing\backend\node_modules\router\index.js:342:13)
    at C:\Users\USER\roofing\backend\node_modules\router\index.js:297:9
    at processParams (C:\Users\USER\roofing\backend\node_modules\router\index.js:582:12)
    at next (C:\Users\USER\roofing\backend\node_modules\router\index.js:291:5)
    at C:\Users\USER\roofing\backend\node_modules\express-rate-limit\dist\index.cjs:942:7
    at process.processTicksAndRejections (node:internal/process/task_queues:103:5)
    at async C:\Users\USER\roofing\backend\node_modules\express-rate-limit\dist\index.cjs:825:5
Registration error: TypeError: Cannot read properties of undefined (reading 'subdomain')
    at register (C:\Users\USER\roofing\backend\controllers\auth.controller.js:9:91)
    at Layer.handleRequest (C:\Users\USER\roofing\backend\node_modules\router\lib\layer.js:152:17)
    at next (C:\Users\USER\roofing\backend\node_modules\router\lib\route.js:157:13)
    at Route.dispatch (C:\Users\USER\roofing\backend\node_modules\router\lib\route.js:117:3)
    at handle (C:\Users\USER\roofing\backend\node_modules\router\index.js:435:11)
    at Layer.handleRequest (C:\Users\USER\roofing\backend\node_modules\router\lib\layer.js:152:17)
    at C:\Users\USER\roofing\backend\node_modules\router\index.js:295:15
    at processParams (C:\Users\USER\roofing\backend\node_modules\router\index.js:582:12)
    at next (C:\Users\USER\roofing\backend\node_modules\router\index.js:291:5)
    at router.handle (C:\Users\USER\roofing\backend\node_modules\router\index.js:186:3)
    at router (C:\Users\USER\roofing\backend\node_modules\router\index.js:60:12)
    at Layer.handleRequest (C:\Users\USER\roofing\backend\node_modules\router\lib\layer.js:152:17)
    at trimPrefix (C:\Users\USER\roofing\backend\node_modules\router\index.js:342:13)
    at C:\Users\USER\roofing\backend\node_modules\router\index.js:297:9
    at processParams (C:\Users\USER\roofing\backend\node_modules\router\index.js:582:12)
    at next (C:\Users\USER\roofing\backend\node_modules\router\index.js:291:5)
    at C:\Users\USER\roofing\backend\node_modules\express-rate-limit\dist\index.cjs:942:7
    at process.processTicksAndRejections (node:internal/process/task_queues:103:5)
    at async C:\Users\USER\roofing\backend\node_modules\express-rate-limit\dist\index.cjs:825:5
Registration error: TypeError: Cannot read properties of undefined (reading 'subdomain')
    at register (C:\Users\USER\roofing\backend\controllers\auth.controller.js:9:91)
    at Layer.handleRequest (C:\Users\USER\roofing\backend\node_modules\router\lib\layer.js:152:17)
    at next (C:\Users\USER\roofing\backend\node_modules\router\lib\route.js:157:13)
    at Route.dispatch (C:\Users\USER\roofing\backend\node_modules\router\lib\route.js:117:3)
    at handle (C:\Users\USER\roofing\backend\node_modules\router\index.js:435:11)
    at Layer.handleRequest (C:\Users\USER\roofing\backend\node_modules\router\lib\layer.js:152:17)
    at C:\Users\USER\roofing\backend\node_modules\router\index.js:295:15
    at processParams (C:\Users\USER\roofing\backend\node_modules\router\index.js:582:12)
    at next (C:\Users\USER\roofing\backend\node_modules\router\index.js:291:5)
    at router.handle (C:\Users\USER\roofing\backend\node_modules\router\index.js:186:3)
    at router (C:\Users\USER\roofing\backend\node_modules\router\index.js:60:12)
    at Layer.handleRequest (C:\Users\USER\roofing\backend\node_modules\router\lib\layer.js:152:17)
    at trimPrefix (C:\Users\USER\roofing\backend\node_modules\router\index.js:342:13)
    at C:\Users\USER\roofing\backend\node_modules\router\index.js:297:9
    at processParams (C:\Users\USER\roofing\backend\node_modules\router\index.js:582:12)
    at next (C:\Users\USER\roofing\backend\node_modules\router\index.js:291:5)
    at C:\Users\USER\roofing\backend\node_modules\express-rate-limit\dist\index.cjs:942:7
    at process.processTicksAndRejections (node:internal/process/task_queues:103:5)
    at async C:\Users\USER\roofing\backend\node_modules\express-rate-limit\dist\index.cjs:825:5
